[0.006s] Invoking command in '/home/fectec151/Downloads/Projects/RoverSpaceMakers/rover_spacemakers_ws/build/aruco_markers_detection': CMAKE_PREFIX_PATH=/opt/ros/humble /usr/bin/cmake /home/fectec151/Downloads/Projects/RoverSpaceMakers/rover_spacemakers_ws/src/aruco_markers_detection -DCMAKE_INSTALL_PREFIX=/home/fectec151/Downloads/Projects/RoverSpaceMakers/rover_spacemakers_ws/install/aruco_markers_detection
[0.013s] -- Found ament_cmake: 1.3.8 (/opt/ros/humble/share/ament_cmake/cmake)
[0.087s] -- Found rclcpp: 16.0.8 (/opt/ros/humble/share/rclcpp/cmake)
[0.118s] -- Found rosidl_generator_c: 3.1.5 (/opt/ros/humble/share/rosidl_generator_c/cmake)
[0.121s] -- Found rosidl_adapter: 3.1.5 (/opt/ros/humble/share/rosidl_adapter/cmake)
[0.127s] -- Found rosidl_generator_cpp: 3.1.5 (/opt/ros/humble/share/rosidl_generator_cpp/cmake)
[0.138s] -- Using all available rosidl_typesupport_c: rosidl_typesupport_fastrtps_c;rosidl_typesupport_introspection_c
[0.151s] -- Using all available rosidl_typesupport_cpp: rosidl_typesupport_fastrtps_cpp;rosidl_typesupport_introspection_cpp
[0.196s] -- Found rmw_implementation_cmake: 6.1.1 (/opt/ros/humble/share/rmw_implementation_cmake/cmake)
[0.198s] -- Found rmw_fastrtps_cpp: 6.2.6 (/opt/ros/humble/share/rmw_fastrtps_cpp/cmake)
[0.260s] -- Found OpenSSL: /usr/lib/x86_64-linux-gnu/libcrypto.so (found version "3.0.2")  
[0.277s] -- Found FastRTPS: /opt/ros/humble/include  
[0.305s] -- Using RMW implementation 'rmw_fastrtps_cpp' as default
[0.312s] -- Looking for pthread.h
[0.357s] -- Looking for pthread.h - found
[0.357s] -- Performing Test CMAKE_HAVE_LIBC_PTHREAD
[0.400s] -- Performing Test CMAKE_HAVE_LIBC_PTHREAD - Success
[0.401s] -- Found Threads: TRUE  
[0.501s] -- Found sensor_msgs: 4.2.3 (/opt/ros/humble/share/sensor_msgs/cmake)
[0.584s] -- Found cv_bridge: 3.2.1 (/opt/ros/humble/share/cv_bridge/cmake)
[0.595s] -- Found image_transport: 3.1.9 (/opt/ros/humble/share/image_transport/cmake)
[0.626s] -- Found OpenCV: /usr (found version "4.5.4") 
[0.627s] -- Found ament_lint_auto: 0.12.10 (/opt/ros/humble/share/ament_lint_auto/cmake)
[0.678s] -- Added test 'cppcheck' to perform static code analysis on C / C++ code
[0.678s] -- Configured cppcheck include dirs: 
[0.678s] -- Configured cppcheck exclude dirs and/or files: 
[0.679s] -- Added test 'lint_cmake' to check CMake code style
[0.680s] -- Added test 'uncrustify' to check C / C++ code style
[0.680s] -- Configured uncrustify additional arguments: 
[0.680s] -- Added test 'xmllint' to check XML markup files
[0.681s] -- Configuring done
[0.690s] -- Generating done
[0.691s] -- Build files have been written to: /home/fectec151/Downloads/Projects/RoverSpaceMakers/rover_spacemakers_ws/build/aruco_markers_detection
[0.698s] Invoked command in '/home/fectec151/Downloads/Projects/RoverSpaceMakers/rover_spacemakers_ws/build/aruco_markers_detection' returned '0': CMAKE_PREFIX_PATH=/opt/ros/humble /usr/bin/cmake /home/fectec151/Downloads/Projects/RoverSpaceMakers/rover_spacemakers_ws/src/aruco_markers_detection -DCMAKE_INSTALL_PREFIX=/home/fectec151/Downloads/Projects/RoverSpaceMakers/rover_spacemakers_ws/install/aruco_markers_detection
[0.698s] Invoking command in '/home/fectec151/Downloads/Projects/RoverSpaceMakers/rover_spacemakers_ws/build/aruco_markers_detection': CMAKE_PREFIX_PATH=/opt/ros/humble /usr/bin/cmake --build /home/fectec151/Downloads/Projects/RoverSpaceMakers/rover_spacemakers_ws/build/aruco_markers_detection -- -j12 -l12
[0.728s] [ 50%] [32mBuilding CXX object CMakeFiles/minimal_opencv_ros2_node.dir/src/minimal_opencv_ros2_node.cpp.o[0m
[2.480s] [01m[K/home/fectec151/Downloads/Projects/RoverSpaceMakers/rover_spacemakers_ws/src/aruco_markers_detection/src/minimal_opencv_ros2_node.cpp:48:63:[m[K [01;31m[Kerror: [m[Kexpected â€˜[01m[K;[m[Kâ€™ at end of member declaration
[2.480s]    48 |        rclcpp::Publisher<sensor_msgs::msg::Image>::SharedPtr [01;31m[Kpublisher_[m[K
[2.480s]       |                                                              [01;31m[K^~~~~~~~~~[m[K
[2.480s]       |                                                                        [32m[K;[m[K
[2.480s] [01m[K/home/fectec151/Downloads/Projects/RoverSpaceMakers/rover_spacemakers_ws/src/aruco_markers_detection/src/minimal_opencv_ros2_node.cpp:[m[K In constructor â€˜[01m[KMinimalImagePublisher::MinimalImagePublisher()[m[Kâ€™:
[2.480s] [01m[K/home/fectec151/Downloads/Projects/RoverSpaceMakers/rover_spacemakers_ws/src/aruco_markers_detection/src/minimal_opencv_ros2_node.cpp:17:76:[m[K [01;31m[Kerror: [m[Kexpression cannot be used as a function
[2.480s]    17 |  MinimalImagePublisher() :   Node("minimal_image_publisher",  [01;31m[Kcount_(0)[m[K
[2.480s]       |                                                               [01;31m[K~~~~~~^~~[m[K
[2.481s] 
[2.481s] [01m[K/home/fectec151/Downloads/Projects/RoverSpaceMakers/rover_spacemakers_ws/src/aruco_markers_detection/src/minimal_opencv_ros2_node.cpp:46:38:[m[K [01;31m[Kerror: [m[Kno matching function for call to â€˜[01m[Krclcpp::Node::Node()[m[Kâ€™
[2.481s]    46 |         rclcpp::TimerBase::SharedPtr [01;31m[Ktimer_[m[K;
[2.481s]       |                                      [01;31m[K^~~~~~[m[K
[2.481s] In file included from [01m[K/opt/ros/humble/include/rclcpp/rclcpp/executors/single_threaded_executor.hpp:28[m[K,
[2.481s]                  from [01m[K/opt/ros/humble/include/rclcpp/rclcpp/executors.hpp:22[m[K,
[2.481s]                  from [01m[K/opt/ros/humble/include/rclcpp/rclcpp/rclcpp.hpp:155[m[K,
[2.481s]                  from [01m[K/home/fectec151/Downloads/Projects/RoverSpaceMakers/rover_spacemakers_ws/src/aruco_markers_detection/src/minimal_opencv_ros2_node.cpp:3[m[K:
[2.481s] [01m[K/opt/ros/humble/include/rclcpp/rclcpp/node.hpp:1294:3:[m[K [01;36m[Knote: [m[Kcandidate: â€˜[01m[Krclcpp::Node::Node(const rclcpp::Node&, const string&)[m[Kâ€™
[2.481s]  1294 |   [01;36m[KNode[m[K(
[2.481s]       |   [01;36m[K^~~~[m[K
[2.482s] [01m[K/opt/ros/humble/include/rclcpp/rclcpp/node.hpp:1294:3:[m[K [01;36m[Knote: [m[K  candidate expects 2 arguments, 0 provided
[2.482s] [01m[K/opt/ros/humble/include/rclcpp/rclcpp/node.hpp:101:12:[m[K [01;36m[Knote: [m[Kcandidate: â€˜[01m[Krclcpp::Node::Node(const string&, const string&, const rclcpp::NodeOptions&)[m[Kâ€™
[2.482s]   101 |   explicit [01;36m[KNode[m[K(
[2.482s]       |            [01;36m[K^~~~[m[K
[2.482s] [01m[K/opt/ros/humble/include/rclcpp/rclcpp/node.hpp:101:12:[m[K [01;36m[Knote: [m[K  candidate expects 3 arguments, 0 provided
[2.483s] [01m[K/opt/ros/humble/include/rclcpp/rclcpp/node.hpp:89:12:[m[K [01;36m[Knote: [m[Kcandidate: â€˜[01m[Krclcpp::Node::Node(const string&, const rclcpp::NodeOptions&)[m[Kâ€™
[2.483s]    89 |   explicit [01;36m[KNode[m[K(
[2.483s]       |            [01;36m[K^~~~[m[K
[2.483s] [01m[K/opt/ros/humble/include/rclcpp/rclcpp/node.hpp:89:12:[m[K [01;36m[Knote: [m[K  candidate expects 2 arguments, 0 provided
[2.483s] [01m[K/home/fectec151/Downloads/Projects/RoverSpaceMakers/rover_spacemakers_ws/src/aruco_markers_detection/src/minimal_opencv_ros2_node.cpp:46:44:[m[K [01;31m[Kerror: [m[Kexpected â€˜[01m[K{[m[Kâ€™ at end of input
[2.483s]    46 |         rclcpp::TimerBase::SharedPtr timer_[01;31m[K;[m[K
[2.483s]       |                                            [01;31m[K^[m[K
[2.964s] gmake[2]: *** [CMakeFiles/minimal_opencv_ros2_node.dir/build.make:76: CMakeFiles/minimal_opencv_ros2_node.dir/src/minimal_opencv_ros2_node.cpp.o] Error 1
[2.964s] gmake[1]: *** [CMakeFiles/Makefile2:137: CMakeFiles/minimal_opencv_ros2_node.dir/all] Error 2
[2.964s] gmake: *** [Makefile:146: all] Error 2
[2.965s] Invoked command in '/home/fectec151/Downloads/Projects/RoverSpaceMakers/rover_spacemakers_ws/build/aruco_markers_detection' returned '2': CMAKE_PREFIX_PATH=/opt/ros/humble /usr/bin/cmake --build /home/fectec151/Downloads/Projects/RoverSpaceMakers/rover_spacemakers_ws/build/aruco_markers_detection -- -j12 -l12
