[0.000000] (-) TimerEvent: {}
[0.000157] (aruco_markers_detection) JobQueued: {'identifier': 'aruco_markers_detection', 'dependencies': OrderedDict()}
[0.000577] (aruco_markers_detection) JobStarted: {'identifier': 'aruco_markers_detection'}
[0.004735] (aruco_markers_detection) JobProgress: {'identifier': 'aruco_markers_detection', 'progress': 'cmake'}
[0.005476] (aruco_markers_detection) JobProgress: {'identifier': 'aruco_markers_detection', 'progress': 'build'}
[0.005490] (aruco_markers_detection) Command: {'cmd': ['/usr/bin/cmake', '--build', '/home/fectec151/Downloads/Projects/RoverSpaceMakers/rover_spacemakers_ws/build/aruco_markers_detection', '--', '-j12', '-l12'], 'cwd': '/home/fectec151/Downloads/Projects/RoverSpaceMakers/rover_spacemakers_ws/build/aruco_markers_detection', 'env': OrderedDict([('LESSOPEN', '| /usr/bin/lesspipe %s'), ('USER', 'fectec151'), ('LC_TIME', 'es_MX.UTF-8'), ('XDG_SESSION_TYPE', 'wayland'), ('SHLVL', '1'), ('LD_LIBRARY_PATH', '/usr/lib/x86_64-linux-gnu/gazebo-11/plugins:/opt/ros/humble/opt/rviz_ogre_vendor/lib:/opt/ros/humble/lib/x86_64-linux-gnu:/opt/ros/humble/lib'), ('HOME', '/home/fectec151'), ('OLDPWD', '/home/fectec151/Downloads/Projects/RoverSpaceMakers/rover_spacemakers_ws/src'), ('DESKTOP_SESSION', 'ubuntu'), ('ROS_PYTHON_VERSION', '3'), ('GNOME_SHELL_SESSION_MODE', 'ubuntu'), ('GTK_MODULES', 'gail:atk-bridge'), ('LC_MONETARY', 'es_MX.UTF-8'), ('MANAGERPID', '2116'), ('SYSTEMD_EXEC_PID', '2462'), ('DBUS_SESSION_BUS_ADDRESS', 'unix:path=/run/user/1000/bus'), ('COLORTERM', 'truecolor'), ('TERMINATOR_DBUS_NAME', 'net.tenshu.Terminator25ef4b219e3b005583550f2b0f9f990c3'), ('GIO_LAUNCHED_DESKTOP_FILE_PID', '4533'), ('NVM_DIR', '/home/fectec151/.nvm'), ('IM_CONFIG_PHASE', '1'), ('WAYLAND_DISPLAY', 'wayland-0'), ('ROS_DISTRO', 'humble'), ('LOGNAME', 'fectec151'), ('JOURNAL_STREAM', '8:35553'), ('_', '/usr/bin/colcon'), ('ROS_VERSION', '2'), ('XDG_SESSION_CLASS', 'user'), ('USERNAME', 'fectec151'), ('TERM', 'xterm-256color'), ('GNOME_DESKTOP_SESSION_ID', 'this-is-deprecated'), ('ROS_LOCALHOST_ONLY', '0'), ('HISTCONTROL', 'ignoredups'), ('PATH', '/opt/ros/humble/bin:/home/fectec151/.local/bin:/usr/local/sbin:/usr/local/bin:/usr/sbin:/usr/bin:/sbin:/bin:/usr/games:/usr/local/games:/snap/bin:/snap/bin'), ('SESSION_MANAGER', 'local/fec-pc:@/tmp/.ICE-unix/2269,unix/fec-pc:/tmp/.ICE-unix/2269'), ('INVOCATION_ID', '6a0d5ed600a64009bcbf72a2f455fd02'), ('XDG_MENU_PREFIX', 'gnome-'), ('LC_ADDRESS', 'es_MX.UTF-8'), ('GNOME_SETUP_DISPLAY', ':1'), ('XDG_RUNTIME_DIR', '/run/user/1000'), ('DISPLAY', ':0'), ('HISTSIZE', '1000'), ('TERMINATOR_DBUS_PATH', '/net/tenshu/Terminator2'), ('LANG', 'en_US.UTF-8'), ('XDG_CURRENT_DESKTOP', 'ubuntu:GNOME'), ('IBUS_DISABLE_SNOOPER', '1'), ('LC_TELEPHONE', 'es_MX.UTF-8'), ('XMODIFIERS', '@im=ibus'), ('XDG_SESSION_DESKTOP', 'ubuntu'), ('XAUTHORITY', '/run/user/1000/.mutter-Xwaylandauth.PCUTN2'), ('LS_COLORS', 'rs=0:di=01;34:ln=01;36:mh=00:pi=40;33:so=01;35:do=01;35:bd=40;33;01:cd=40;33;01:or=40;31;01:mi=00:su=37;41:sg=30;43:ca=30;41:tw=30;42:ow=34;42:st=37;44:ex=01;32:*.tar=01;31:*.tgz=01;31:*.arc=01;31:*.arj=01;31:*.taz=01;31:*.lha=01;31:*.lz4=01;31:*.lzh=01;31:*.lzma=01;31:*.tlz=01;31:*.txz=01;31:*.tzo=01;31:*.t7z=01;31:*.zip=01;31:*.z=01;31:*.dz=01;31:*.gz=01;31:*.lrz=01;31:*.lz=01;31:*.lzo=01;31:*.xz=01;31:*.zst=01;31:*.tzst=01;31:*.bz2=01;31:*.bz=01;31:*.tbz=01;31:*.tbz2=01;31:*.tz=01;31:*.deb=01;31:*.rpm=01;31:*.jar=01;31:*.war=01;31:*.ear=01;31:*.sar=01;31:*.rar=01;31:*.alz=01;31:*.ace=01;31:*.zoo=01;31:*.cpio=01;31:*.7z=01;31:*.rz=01;31:*.cab=01;31:*.wim=01;31:*.swm=01;31:*.dwm=01;31:*.esd=01;31:*.jpg=01;35:*.jpeg=01;35:*.mjpg=01;35:*.mjpeg=01;35:*.gif=01;35:*.bmp=01;35:*.pbm=01;35:*.pgm=01;35:*.ppm=01;35:*.tga=01;35:*.xbm=01;35:*.xpm=01;35:*.tif=01;35:*.tiff=01;35:*.png=01;35:*.svg=01;35:*.svgz=01;35:*.mng=01;35:*.pcx=01;35:*.mov=01;35:*.mpg=01;35:*.mpeg=01;35:*.m2v=01;35:*.mkv=01;35:*.webm=01;35:*.webp=01;35:*.ogm=01;35:*.mp4=01;35:*.m4v=01;35:*.mp4v=01;35:*.vob=01;35:*.qt=01;35:*.nuv=01;35:*.wmv=01;35:*.asf=01;35:*.rm=01;35:*.rmvb=01;35:*.flc=01;35:*.avi=01;35:*.fli=01;35:*.flv=01;35:*.gl=01;35:*.dl=01;35:*.xcf=01;35:*.xwd=01;35:*.yuv=01;35:*.cgm=01;35:*.emf=01;35:*.ogv=01;35:*.ogx=01;35:*.aac=00;36:*.au=00;36:*.flac=00;36:*.m4a=00;36:*.mid=00;36:*.midi=00;36:*.mka=00;36:*.mp3=00;36:*.mpc=00;36:*.ogg=00;36:*.ra=00;36:*.wav=00;36:*.oga=00;36:*.opus=00;36:*.spx=00;36:*.xspf=00;36:'), ('SSH_AGENT_LAUNCHER', 'gnome-keyring'), ('SSH_AUTH_SOCK', '/run/user/1000/keyring/ssh'), ('AMENT_PREFIX_PATH', '/opt/ros/humble'), ('SHELL', '/bin/bash'), ('LC_NAME', 'es_MX.UTF-8'), ('TERMINATOR_UUID', 'urn:uuid:f75ce7f5-0fb0-4c75-9634-5cda54183ec1'), ('QT_ACCESSIBILITY', '1'), ('GDMSESSION', 'ubuntu'), ('LESSCLOSE', '/usr/bin/lesspipe %s %s'), ('LC_MEASUREMENT', 'es_MX.UTF-8'), ('LC_IDENTIFICATION', 'es_MX.UTF-8'), ('QT_IM_MODULE', 'ibus'), ('PWD', '/home/fectec151/Downloads/Projects/RoverSpaceMakers/rover_spacemakers_ws/build/aruco_markers_detection'), ('LC_ALL', 'en_US.UTF-8'), ('XDG_CONFIG_DIRS', '/etc/xdg/xdg-ubuntu:/etc/xdg'), ('NVM_CD_FLAGS', ''), ('XDG_DATA_DIRS', '/usr/share/ubuntu:/usr/local/share/:/usr/share/:/var/lib/snapd/desktop'), ('PYTHONPATH', '/opt/ros/humble/lib/python3.10/site-packages:/opt/ros/humble/local/lib/python3.10/dist-packages'), ('LC_NUMERIC', 'es_MX.UTF-8'), ('LC_PAPER', 'es_MX.UTF-8'), ('COLCON', '1'), ('VTE_VERSION', '6800'), ('NVM_RC_VERSION', ''), ('CMAKE_PREFIX_PATH', '/opt/ros/humble')]), 'shell': False}
[0.032139] (aruco_markers_detection) StdoutLine: {'line': b'\x1b[35m\x1b[1mConsolidate compiler generated dependencies of target minimal_opencv_ros2_node\x1b[0m\n'}
[0.043693] (aruco_markers_detection) StdoutLine: {'line': b'[ 50%] \x1b[32mBuilding CXX object CMakeFiles/minimal_opencv_ros2_node.dir/src/minimal_opencv_ros2_node.cpp.o\x1b[0m\n'}
[0.099949] (-) TimerEvent: {}
[0.200235] (-) TimerEvent: {}
[0.300545] (-) TimerEvent: {}
[0.400849] (-) TimerEvent: {}
[0.501220] (-) TimerEvent: {}
[0.601611] (-) TimerEvent: {}
[0.702000] (-) TimerEvent: {}
[0.802379] (-) TimerEvent: {}
[0.902764] (-) TimerEvent: {}
[1.003150] (-) TimerEvent: {}
[1.103570] (-) TimerEvent: {}
[1.204066] (-) TimerEvent: {}
[1.304452] (-) TimerEvent: {}
[1.404856] (-) TimerEvent: {}
[1.505317] (-) TimerEvent: {}
[1.605771] (-) TimerEvent: {}
[1.706162] (-) TimerEvent: {}
[1.806655] (-) TimerEvent: {}
[1.839581] (aruco_markers_detection) StderrLine: {'line': b'\x1b[01m\x1b[K/home/fectec151/Downloads/Projects/RoverSpaceMakers/rover_spacemakers_ws/src/aruco_markers_detection/src/minimal_opencv_ros2_node.cpp:\x1b[m\x1b[K In member function \xe2\x80\x98\x1b[01m\x1b[Kvoid MinimalImagePublisher::timer_callback()\x1b[m\x1b[K\xe2\x80\x99:\n'}
[1.839811] (aruco_markers_detection) StderrLine: {'line': b'\x1b[01m\x1b[K/home/fectec151/Downloads/Projects/RoverSpaceMakers/rover_spacemakers_ws/src/aruco_markers_detection/src/minimal_opencv_ros2_node.cpp:33:22:\x1b[m\x1b[K \x1b[01;31m\x1b[Kerror: \x1b[m\x1b[Kno matching function for call to \xe2\x80\x98\x1b[01m\x1b[Krandu(cv::Mat&, cv::Scalar)\x1b[m\x1b[K\xe2\x80\x99\n'}
[1.839910] (aruco_markers_detection) StderrLine: {'line': b'   33 |             \x1b[01;31m\x1b[Kcv::randu(image, cv::Scalar(0, 0, 0))\x1b[m\x1b[K, cv::Scalar(255, 255, 25));\n'}
[1.840001] (aruco_markers_detection) StderrLine: {'line': b'      |             \x1b[01;31m\x1b[K~~~~~~~~~^~~~~~~~~~~~~~~~~~~~~~~~~~~~\x1b[m\x1b[K\n'}
[1.840102] (aruco_markers_detection) StderrLine: {'line': b'In file included from \x1b[01m\x1b[K/usr/include/opencv4/opencv2/core.hpp:3305\x1b[m\x1b[K,\n'}
[1.840189] (aruco_markers_detection) StderrLine: {'line': b'                 from \x1b[01m\x1b[K/usr/include/opencv4/opencv2/core/core.hpp:48\x1b[m\x1b[K,\n'}
[1.840275] (aruco_markers_detection) StderrLine: {'line': b'                 from \x1b[01m\x1b[K/opt/ros/humble/include/cv_bridge/cv_bridge/cv_bridge.h:43\x1b[m\x1b[K,\n'}
[1.840360] (aruco_markers_detection) StderrLine: {'line': b'                 from \x1b[01m\x1b[K/home/fectec151/Downloads/Projects/RoverSpaceMakers/rover_spacemakers_ws/src/aruco_markers_detection/src/minimal_opencv_ros2_node.cpp:7\x1b[m\x1b[K:\n'}
[1.840445] (aruco_markers_detection) StderrLine: {'line': b'\x1b[01m\x1b[K/usr/include/opencv4/opencv2/core/operations.hpp:406:42:\x1b[m\x1b[K \x1b[01;36m\x1b[Knote: \x1b[m\x1b[Kcandidate: \xe2\x80\x98\x1b[01m\x1b[Ktemplate<class _Tp> _Tp cv::randu()\x1b[m\x1b[K\xe2\x80\x99\n'}
[1.840541] (aruco_markers_detection) StderrLine: {'line': b'  406 | template<typename _Tp> static inline _Tp \x1b[01;36m\x1b[Krandu\x1b[m\x1b[K()\n'}
[1.840626] (aruco_markers_detection) StderrLine: {'line': b'      |                                          \x1b[01;36m\x1b[K^~~~~\x1b[m\x1b[K\n'}
[1.840711] (aruco_markers_detection) StderrLine: {'line': b'\x1b[01m\x1b[K/usr/include/opencv4/opencv2/core/operations.hpp:406:42:\x1b[m\x1b[K \x1b[01;36m\x1b[Knote: \x1b[m\x1b[K  template argument deduction/substitution failed:\n'}
[1.840796] (aruco_markers_detection) StderrLine: {'line': b'\x1b[01m\x1b[K/home/fectec151/Downloads/Projects/RoverSpaceMakers/rover_spacemakers_ws/src/aruco_markers_detection/src/minimal_opencv_ros2_node.cpp:33:22:\x1b[m\x1b[K \x1b[01;36m\x1b[Knote: \x1b[m\x1b[K  candidate expects 0 arguments, 2 provided\n'}
[1.840881] (aruco_markers_detection) StderrLine: {'line': b'   33 |             \x1b[01;36m\x1b[Kcv::randu(image, cv::Scalar(0, 0, 0))\x1b[m\x1b[K, cv::Scalar(255, 255, 25));\n'}
[1.840973] (aruco_markers_detection) StderrLine: {'line': b'      |             \x1b[01;36m\x1b[K~~~~~~~~~^~~~~~~~~~~~~~~~~~~~~~~~~~~~\x1b[m\x1b[K\n'}
[1.841059] (aruco_markers_detection) StderrLine: {'line': b'In file included from \x1b[01m\x1b[K/usr/include/opencv4/opencv2/core/core.hpp:48\x1b[m\x1b[K,\n'}
[1.841144] (aruco_markers_detection) StderrLine: {'line': b'                 from \x1b[01m\x1b[K/opt/ros/humble/include/cv_bridge/cv_bridge/cv_bridge.h:43\x1b[m\x1b[K,\n'}
[1.841229] (aruco_markers_detection) StderrLine: {'line': b'                 from \x1b[01m\x1b[K/home/fectec151/Downloads/Projects/RoverSpaceMakers/rover_spacemakers_ws/src/aruco_markers_detection/src/minimal_opencv_ros2_node.cpp:7\x1b[m\x1b[K:\n'}
[1.841313] (aruco_markers_detection) StderrLine: {'line': b'\x1b[01m\x1b[K/usr/include/opencv4/opencv2/core.hpp:2313:19:\x1b[m\x1b[K \x1b[01;36m\x1b[Knote: \x1b[m\x1b[Kcandidate: \xe2\x80\x98\x1b[01m\x1b[Kvoid cv::randu(cv::InputOutputArray, cv::InputArray, cv::InputArray)\x1b[m\x1b[K\xe2\x80\x99\n'}
[1.841399] (aruco_markers_detection) StderrLine: {'line': b' 2313 | CV_EXPORTS_W void \x1b[01;36m\x1b[Krandu\x1b[m\x1b[K(InputOutputArray dst, InputArray low, InputArray high);\n'}
[1.841483] (aruco_markers_detection) StderrLine: {'line': b'      |                   \x1b[01;36m\x1b[K^~~~~\x1b[m\x1b[K\n'}
[1.841567] (aruco_markers_detection) StderrLine: {'line': b'\x1b[01m\x1b[K/usr/include/opencv4/opencv2/core.hpp:2313:19:\x1b[m\x1b[K \x1b[01;36m\x1b[Knote: \x1b[m\x1b[K  candidate expects 3 arguments, 2 provided\n'}
[1.844567] (aruco_markers_detection) StderrLine: {'line': b'\x1b[01m\x1b[K/home/fectec151/Downloads/Projects/RoverSpaceMakers/rover_spacemakers_ws/src/aruco_markers_detection/src/minimal_opencv_ros2_node.cpp:41:13:\x1b[m\x1b[K \x1b[01;31m\x1b[Kerror: \x1b[m\x1b[K\xe2\x80\x98\x1b[01m\x1b[Kpublisher\x1b[m\x1b[K\xe2\x80\x99 was not declared in this scope; did you mean \xe2\x80\x98\x1b[01m\x1b[Kpublisher_\x1b[m\x1b[K\xe2\x80\x99?\n'}
[1.844767] (aruco_markers_detection) StderrLine: {'line': b'   41 |             \x1b[01;31m\x1b[Kpublisher\x1b[m\x1b[K->publish(*msg_.get());\n'}
[1.844861] (aruco_markers_detection) StderrLine: {'line': b'      |             \x1b[01;31m\x1b[K^~~~~~~~~\x1b[m\x1b[K\n'}
[1.844950] (aruco_markers_detection) StderrLine: {'line': b'      |             \x1b[32m\x1b[Kpublisher_\x1b[m\x1b[K\n'}
[1.906893] (-) TimerEvent: {}
[2.007334] (-) TimerEvent: {}
[2.107781] (-) TimerEvent: {}
[2.208206] (-) TimerEvent: {}
[2.308660] (-) TimerEvent: {}
[2.409063] (-) TimerEvent: {}
[2.509370] (-) TimerEvent: {}
[2.609685] (-) TimerEvent: {}
[2.710108] (-) TimerEvent: {}
[2.807541] (aruco_markers_detection) StderrLine: {'line': b'gmake[2]: *** [CMakeFiles/minimal_opencv_ros2_node.dir/build.make:76: CMakeFiles/minimal_opencv_ros2_node.dir/src/minimal_opencv_ros2_node.cpp.o] Error 1\n'}
[2.807762] (aruco_markers_detection) StderrLine: {'line': b'gmake[1]: *** [CMakeFiles/Makefile2:137: CMakeFiles/minimal_opencv_ros2_node.dir/all] Error 2\n'}
[2.807859] (aruco_markers_detection) StderrLine: {'line': b'gmake: *** [Makefile:146: all] Error 2\n'}
[2.809818] (aruco_markers_detection) CommandEnded: {'returncode': 2}
[2.810217] (-) TimerEvent: {}
[2.828250] (aruco_markers_detection) JobEnded: {'identifier': 'aruco_markers_detection', 'rc': 2}
[2.838726] (-) EventReactorShutdown: {}
