[0.007s] Invoking command in '/home/fectec151/Downloads/Projects/RoverSpaceMakers/rover_spacemakers_ws/build/aruco_markers_detection': CMAKE_PREFIX_PATH=/opt/ros/humble /usr/bin/cmake --build /home/fectec151/Downloads/Projects/RoverSpaceMakers/rover_spacemakers_ws/build/aruco_markers_detection -- -j12 -l12
[0.033s] [35m[1mConsolidate compiler generated dependencies of target minimal_opencv_ros2_node[0m
[0.045s] [ 50%] [32mBuilding CXX object CMakeFiles/minimal_opencv_ros2_node.dir/src/minimal_opencv_ros2_node.cpp.o[0m
[1.803s] [01m[K/home/fectec151/Downloads/Projects/RoverSpaceMakers/rover_spacemakers_ws/src/aruco_markers_detection/src/minimal_opencv_ros2_node.cpp:[m[K In member function â€˜[01m[Kvoid MinimalImagePublisher::timer_callback()[m[Kâ€™:
[1.803s] [01m[K/home/fectec151/Downloads/Projects/RoverSpaceMakers/rover_spacemakers_ws/src/aruco_markers_detection/src/minimal_opencv_ros2_node.cpp:41:13:[m[K [01;31m[Kerror: [m[Kâ€˜[01m[Kpublisher[m[Kâ€™ was not declared in this scope; did you mean â€˜[01m[Kpublisher_[m[Kâ€™?
[1.803s]    41 |             [01;31m[Kpublisher[m[K->publish(*msg_.get());
[1.803s]       |             [01;31m[K^~~~~~~~~[m[K
[1.803s]       |             [32m[Kpublisher_[m[K
[2.755s] gmake[2]: *** [CMakeFiles/minimal_opencv_ros2_node.dir/build.make:76: CMakeFiles/minimal_opencv_ros2_node.dir/src/minimal_opencv_ros2_node.cpp.o] Error 1
[2.755s] gmake[1]: *** [CMakeFiles/Makefile2:137: CMakeFiles/minimal_opencv_ros2_node.dir/all] Error 2
[2.755s] gmake: *** [Makefile:146: all] Error 2
[2.758s] Invoked command in '/home/fectec151/Downloads/Projects/RoverSpaceMakers/rover_spacemakers_ws/build/aruco_markers_detection' returned '2': CMAKE_PREFIX_PATH=/opt/ros/humble /usr/bin/cmake --build /home/fectec151/Downloads/Projects/RoverSpaceMakers/rover_spacemakers_ws/build/aruco_markers_detection -- -j12 -l12
