[0.006s] Invoking command in '/home/fectec151/Downloads/Projects/RoverSpaceMakers/rover_spacemakers_ws/build/aruco_markers_detection': CMAKE_PREFIX_PATH=/opt/ros/humble /usr/bin/cmake --build /home/fectec151/Downloads/Projects/RoverSpaceMakers/rover_spacemakers_ws/build/aruco_markers_detection -- -j12 -l12
[0.032s] [35m[1mConsolidate compiler generated dependencies of target minimal_opencv_ros2_node[0m
[0.043s] [ 50%] [32mBuilding CXX object CMakeFiles/minimal_opencv_ros2_node.dir/src/minimal_opencv_ros2_node.cpp.o[0m
[1.839s] [01m[K/home/fectec151/Downloads/Projects/RoverSpaceMakers/rover_spacemakers_ws/src/aruco_markers_detection/src/minimal_opencv_ros2_node.cpp:[m[K In member function â€˜[01m[Kvoid MinimalImagePublisher::timer_callback()[m[Kâ€™:
[1.839s] [01m[K/home/fectec151/Downloads/Projects/RoverSpaceMakers/rover_spacemakers_ws/src/aruco_markers_detection/src/minimal_opencv_ros2_node.cpp:33:22:[m[K [01;31m[Kerror: [m[Kno matching function for call to â€˜[01m[Krandu(cv::Mat&, cv::Scalar)[m[Kâ€™
[1.839s]    33 |             [01;31m[Kcv::randu(image, cv::Scalar(0, 0, 0))[m[K, cv::Scalar(255, 255, 25));
[1.839s]       |             [01;31m[K~~~~~~~~~^~~~~~~~~~~~~~~~~~~~~~~~~~~~[m[K
[1.840s] In file included from [01m[K/usr/include/opencv4/opencv2/core.hpp:3305[m[K,
[1.840s]                  from [01m[K/usr/include/opencv4/opencv2/core/core.hpp:48[m[K,
[1.840s]                  from [01m[K/opt/ros/humble/include/cv_bridge/cv_bridge/cv_bridge.h:43[m[K,
[1.840s]                  from [01m[K/home/fectec151/Downloads/Projects/RoverSpaceMakers/rover_spacemakers_ws/src/aruco_markers_detection/src/minimal_opencv_ros2_node.cpp:7[m[K:
[1.840s] [01m[K/usr/include/opencv4/opencv2/core/operations.hpp:406:42:[m[K [01;36m[Knote: [m[Kcandidate: â€˜[01m[Ktemplate<class _Tp> _Tp cv::randu()[m[Kâ€™
[1.840s]   406 | template<typename _Tp> static inline _Tp [01;36m[Krandu[m[K()
[1.840s]       |                                          [01;36m[K^~~~~[m[K
[1.840s] [01m[K/usr/include/opencv4/opencv2/core/operations.hpp:406:42:[m[K [01;36m[Knote: [m[K  template argument deduction/substitution failed:
[1.840s] [01m[K/home/fectec151/Downloads/Projects/RoverSpaceMakers/rover_spacemakers_ws/src/aruco_markers_detection/src/minimal_opencv_ros2_node.cpp:33:22:[m[K [01;36m[Knote: [m[K  candidate expects 0 arguments, 2 provided
[1.840s]    33 |             [01;36m[Kcv::randu(image, cv::Scalar(0, 0, 0))[m[K, cv::Scalar(255, 255, 25));
[1.840s]       |             [01;36m[K~~~~~~~~~^~~~~~~~~~~~~~~~~~~~~~~~~~~~[m[K
[1.841s] In file included from [01m[K/usr/include/opencv4/opencv2/core/core.hpp:48[m[K,
[1.841s]                  from [01m[K/opt/ros/humble/include/cv_bridge/cv_bridge/cv_bridge.h:43[m[K,
[1.841s]                  from [01m[K/home/fectec151/Downloads/Projects/RoverSpaceMakers/rover_spacemakers_ws/src/aruco_markers_detection/src/minimal_opencv_ros2_node.cpp:7[m[K:
[1.841s] [01m[K/usr/include/opencv4/opencv2/core.hpp:2313:19:[m[K [01;36m[Knote: [m[Kcandidate: â€˜[01m[Kvoid cv::randu(cv::InputOutputArray, cv::InputArray, cv::InputArray)[m[Kâ€™
[1.841s]  2313 | CV_EXPORTS_W void [01;36m[Krandu[m[K(InputOutputArray dst, InputArray low, InputArray high);
[1.841s]       |                   [01;36m[K^~~~~[m[K
[1.841s] [01m[K/usr/include/opencv4/opencv2/core.hpp:2313:19:[m[K [01;36m[Knote: [m[K  candidate expects 3 arguments, 2 provided
[1.844s] [01m[K/home/fectec151/Downloads/Projects/RoverSpaceMakers/rover_spacemakers_ws/src/aruco_markers_detection/src/minimal_opencv_ros2_node.cpp:41:13:[m[K [01;31m[Kerror: [m[Kâ€˜[01m[Kpublisher[m[Kâ€™ was not declared in this scope; did you mean â€˜[01m[Kpublisher_[m[Kâ€™?
[1.844s]    41 |             [01;31m[Kpublisher[m[K->publish(*msg_.get());
[1.844s]       |             [01;31m[K^~~~~~~~~[m[K
[1.844s]       |             [32m[Kpublisher_[m[K
[2.807s] gmake[2]: *** [CMakeFiles/minimal_opencv_ros2_node.dir/build.make:76: CMakeFiles/minimal_opencv_ros2_node.dir/src/minimal_opencv_ros2_node.cpp.o] Error 1
[2.807s] gmake[1]: *** [CMakeFiles/Makefile2:137: CMakeFiles/minimal_opencv_ros2_node.dir/all] Error 2
[2.807s] gmake: *** [Makefile:146: all] Error 2
[2.809s] Invoked command in '/home/fectec151/Downloads/Projects/RoverSpaceMakers/rover_spacemakers_ws/build/aruco_markers_detection' returned '2': CMAKE_PREFIX_PATH=/opt/ros/humble /usr/bin/cmake --build /home/fectec151/Downloads/Projects/RoverSpaceMakers/rover_spacemakers_ws/build/aruco_markers_detection -- -j12 -l12
