[35m[1mConsolidate compiler generated dependencies of target minimal_opencv_ros2_node[0m
[ 50%] [32mBuilding CXX object CMakeFiles/minimal_opencv_ros2_node.dir/src/minimal_opencv_ros2_node.cpp.o[0m
[01m[K/home/fectec151/Downloads/Projects/RoverSpaceMakers/rover_spacemakers_ws/src/aruco_markers_detection/src/minimal_opencv_ros2_node.cpp:[m[K In member function â€˜[01m[Kvoid MinimalImagePublisher::timer_callback()[m[Kâ€™:
[01m[K/home/fectec151/Downloads/Projects/RoverSpaceMakers/rover_spacemakers_ws/src/aruco_markers_detection/src/minimal_opencv_ros2_node.cpp:33:22:[m[K [01;31m[Kerror: [m[Kno matching function for call to â€˜[01m[Krandu(cv::Mat&, cv::Scalar)[m[Kâ€™
   33 |             [01;31m[Kcv::randu(image, cv::Scalar(0, 0, 0))[m[K, cv::Scalar(255, 255, 25));
      |             [01;31m[K~~~~~~~~~^~~~~~~~~~~~~~~~~~~~~~~~~~~~[m[K
In file included from [01m[K/usr/include/opencv4/opencv2/core.hpp:3305[m[K,
                 from [01m[K/usr/include/opencv4/opencv2/core/core.hpp:48[m[K,
                 from [01m[K/opt/ros/humble/include/cv_bridge/cv_bridge/cv_bridge.h:43[m[K,
                 from [01m[K/home/fectec151/Downloads/Projects/RoverSpaceMakers/rover_spacemakers_ws/src/aruco_markers_detection/src/minimal_opencv_ros2_node.cpp:7[m[K:
[01m[K/usr/include/opencv4/opencv2/core/operations.hpp:406:42:[m[K [01;36m[Knote: [m[Kcandidate: â€˜[01m[Ktemplate<class _Tp> _Tp cv::randu()[m[Kâ€™
  406 | template<typename _Tp> static inline _Tp [01;36m[Krandu[m[K()
      |                                          [01;36m[K^~~~~[m[K
[01m[K/usr/include/opencv4/opencv2/core/operations.hpp:406:42:[m[K [01;36m[Knote: [m[K  template argument deduction/substitution failed:
[01m[K/home/fectec151/Downloads/Projects/RoverSpaceMakers/rover_spacemakers_ws/src/aruco_markers_detection/src/minimal_opencv_ros2_node.cpp:33:22:[m[K [01;36m[Knote: [m[K  candidate expects 0 arguments, 2 provided
   33 |             [01;36m[Kcv::randu(image, cv::Scalar(0, 0, 0))[m[K, cv::Scalar(255, 255, 25));
      |             [01;36m[K~~~~~~~~~^~~~~~~~~~~~~~~~~~~~~~~~~~~~[m[K
In file included from [01m[K/usr/include/opencv4/opencv2/core/core.hpp:48[m[K,
                 from [01m[K/opt/ros/humble/include/cv_bridge/cv_bridge/cv_bridge.h:43[m[K,
                 from [01m[K/home/fectec151/Downloads/Projects/RoverSpaceMakers/rover_spacemakers_ws/src/aruco_markers_detection/src/minimal_opencv_ros2_node.cpp:7[m[K:
[01m[K/usr/include/opencv4/opencv2/core.hpp:2313:19:[m[K [01;36m[Knote: [m[Kcandidate: â€˜[01m[Kvoid cv::randu(cv::InputOutputArray, cv::InputArray, cv::InputArray)[m[Kâ€™
 2313 | CV_EXPORTS_W void [01;36m[Krandu[m[K(InputOutputArray dst, InputArray low, InputArray high);
      |                   [01;36m[K^~~~~[m[K
[01m[K/usr/include/opencv4/opencv2/core.hpp:2313:19:[m[K [01;36m[Knote: [m[K  candidate expects 3 arguments, 2 provided
[01m[K/home/fectec151/Downloads/Projects/RoverSpaceMakers/rover_spacemakers_ws/src/aruco_markers_detection/src/minimal_opencv_ros2_node.cpp:41:13:[m[K [01;31m[Kerror: [m[Kâ€˜[01m[Kpublisher[m[Kâ€™ was not declared in this scope; did you mean â€˜[01m[Kpublisher_[m[Kâ€™?
   41 |             [01;31m[Kpublisher[m[K->publish(*msg_.get());
      |             [01;31m[K^~~~~~~~~[m[K
      |             [32m[Kpublisher_[m[K
gmake[2]: *** [CMakeFiles/minimal_opencv_ros2_node.dir/build.make:76: CMakeFiles/minimal_opencv_ros2_node.dir/src/minimal_opencv_ros2_node.cpp.o] Error 1
gmake[1]: *** [CMakeFiles/Makefile2:137: CMakeFiles/minimal_opencv_ros2_node.dir/all] Error 2
gmake: *** [Makefile:146: all] Error 2
